<?xml version="1.0" encoding="UTF-8"?>
<!-- Generated by org.testng.reporters.JUnitReportReporter -->
<testsuite hostname="DESKTOP-EH37MPF" failures="1" tests="1" name="runner.FitPeoRunner" time="155.571" errors="0" timestamp="2024-08-03T09:26:26 IST" skipped="0">
  <testcase classname="runner.FitPeoRunner" name="runScenario" time="155.571">
    <failure message="expected [560] but found [820]" type="java.lang.AssertionError">
      <![CDATA[java.lang.AssertionError: expected [560] but found [820]
at org.testng.Assert.fail(Assert.java:110)
at org.testng.Assert.failNotEquals(Assert.java:1577)
at org.testng.Assert.assertEqualsImpl(Assert.java:149)
at org.testng.Assert.assertEquals(Assert.java:131)
at org.testng.Assert.assertEquals(Assert.java:1418)
at org.testng.Assert.assertEquals(Assert.java:1382)
at org.testng.Assert.assertEquals(Assert.java:1428)
at pages.fitpeo.RevenueCalculator.verifysliderpositionupdated(RevenueCalculator.java:75)
at stepdefination.FitPeoStepdef.verify_slider_s_position_is_updated_to(FitPeoStepdef.java:41)
at âœ½.verify slider's position is updated to 560.(file:///E:/Workspace_2023/SauceLab/src/test/resources/Features/FitPeo.feature:10)
]]>
    </failure>
  </testcase> <!-- runScenario -->
  <system-out/>
</testsuite> <!-- runner.FitPeoRunner -->
