<?xml version="1.0" encoding="UTF-8"?>
<!-- Generated by org.testng.reporters.JUnitReportReporter -->
<testsuite hostname="manis-MacBook-Pro.local" failures="1" tests="1" name="runner.TestNGRunner" time="27.677" errors="0" timestamp="2024-07-27T22:11:15 IST" skipped="0">
  <testcase classname="runner.TestNGRunner" name="runScenario" time="27.677">
    <failure message="expected [] but found [Admin]" type="java.lang.AssertionError">
      <![CDATA[java.lang.AssertionError: expected [] but found [Admin]
at org.testng.Assert.fail(Assert.java:110)
at org.testng.Assert.failNotEquals(Assert.java:1577)
at org.testng.Assert.assertEqualsImpl(Assert.java:149)
at org.testng.Assert.assertEquals(Assert.java:131)
at org.testng.Assert.assertEquals(Assert.java:655)
at org.testng.Assert.assertEquals(Assert.java:665)
at pages.orangehrm.AdminPageHRM.tablerowusernamevalue(AdminPageHRM.java:113)
at pages.orangehrm.AdminPageHRM.rowsinTable(AdminPageHRM.java:96)
at stepdefination.OrangeHRMStepdef.verify_record(OrangeHRMStepdef.java:41)
at âœ½.Verify record "Admin", "Admin", "manda user" and "Enabled"(file:///Users/mani/Desktop/Java_selenium/Core%20Java/Github/SauceLabs/src/test/resources/Features/OrangeHRM.feature:14)
]]>
    </failure>
  </testcase> <!-- runScenario -->
  <system-out/>
</testsuite> <!-- runner.TestNGRunner -->
